Using device: cuda
Train samples: 26
Val samples: 8
Input channels: 633
Epoch 001 | train loss=1.2495, train IoU=0.0000 | val loss=1.0614, val IoU=0.0000
Epoch 002 | train loss=1.0881, train IoU=0.0000 | val loss=1.0439, val IoU=0.0000
Epoch 003 | train loss=1.0764, train IoU=0.0000 | val loss=1.0366, val IoU=0.0000
Epoch 004 | train loss=1.0694, train IoU=0.0000 | val loss=1.0345, val IoU=0.0000
Epoch 005 | train loss=1.0637, train IoU=0.0000 | val loss=1.0315, val IoU=0.0000
Epoch 006 | train loss=1.0510, train IoU=0.0000 | val loss=1.0312, val IoU=0.0000
Epoch 007 | train loss=1.0375, train IoU=0.0000 | val loss=1.0263, val IoU=0.0000
Epoch 008 | train loss=1.0338, train IoU=0.0030 | val loss=1.0253, val IoU=0.0000
Epoch 009 | train loss=1.0305, train IoU=0.0172 | val loss=1.0210, val IoU=0.0000
Epoch 010 | train loss=1.0238, train IoU=0.0342 | val loss=1.0208, val IoU=0.0000
Epoch 011 | train loss=1.0281, train IoU=0.0077 | val loss=1.0220, val IoU=0.0000
Epoch 012 | train loss=1.0161, train IoU=0.0172 | val loss=1.0160, val IoU=0.0000
Epoch 013 | train loss=1.0136, train IoU=0.0517 | val loss=1.0152, val IoU=0.0000
Epoch 014 | train loss=1.0065, train IoU=0.0558 | val loss=1.0124, val IoU=0.0000
Epoch 015 | train loss=1.0056, train IoU=0.0555 | val loss=1.0113, val IoU=0.0000
Epoch 016 | train loss=1.0009, train IoU=0.0599 | val loss=1.0105, val IoU=0.0000
Epoch 017 | train loss=0.9995, train IoU=0.0295 | val loss=1.0095, val IoU=0.0000
Epoch 018 | train loss=0.9967, train IoU=0.0613 | val loss=1.0093, val IoU=0.0000
Epoch 019 | train loss=0.9962, train IoU=0.0575 | val loss=1.0082, val IoU=0.0000
Epoch 020 | train loss=0.9949, train IoU=0.0188 | val loss=1.0106, val IoU=0.0000
Epoch 021 | train loss=0.9958, train IoU=0.0193 | val loss=1.0075, val IoU=0.0000
Epoch 022 | train loss=1.0017, train IoU=0.0186 | val loss=1.0111, val IoU=0.0000
Epoch 023 | train loss=1.0001, train IoU=0.0560 | val loss=1.0072, val IoU=0.0000
Epoch 024 | train loss=0.9998, train IoU=0.0177 | val loss=1.0066, val IoU=0.0000
Epoch 025 | train loss=0.9977, train IoU=0.0200 | val loss=1.0070, val IoU=0.0000
Epoch 026 | train loss=0.9888, train IoU=0.0207 | val loss=1.0061, val IoU=0.0000
Epoch 027 | train loss=0.9919, train IoU=0.0607 | val loss=1.0055, val IoU=0.0000
Epoch 028 | train loss=1.0005, train IoU=0.0155 | val loss=1.0080, val IoU=0.0000
Epoch 029 | train loss=0.9915, train IoU=0.0322 | val loss=1.0052, val IoU=0.0000
Epoch 030 | train loss=0.9875, train IoU=0.0268 | val loss=1.0047, val IoU=0.0000
Epoch 031 | train loss=0.9819, train IoU=0.0409 | val loss=1.0047, val IoU=0.0000
Epoch 032 | train loss=0.9804, train IoU=0.0397 | val loss=1.0049, val IoU=0.0000
Epoch 033 | train loss=0.9780, train IoU=0.0358 | val loss=1.0041, val IoU=0.0000
Epoch 034 | train loss=0.9909, train IoU=0.0586 | val loss=1.0061, val IoU=0.0000
Epoch 035 | train loss=0.9875, train IoU=0.0409 | val loss=1.0051, val IoU=0.0000
Epoch 036 | train loss=0.9750, train IoU=0.0331 | val loss=1.0041, val IoU=0.0000
Epoch 037 | train loss=0.9721, train IoU=0.0522 | val loss=1.0049, val IoU=0.0000
Epoch 038 | train loss=0.9633, train IoU=0.0606 | val loss=1.0039, val IoU=0.0000
Epoch 039 | train loss=0.9587, train IoU=0.0991 | val loss=1.0038, val IoU=0.0000
Epoch 040 | train loss=0.9591, train IoU=0.0964 | val loss=1.0038, val IoU=0.0000
Epoch 041 | train loss=0.9516, train IoU=0.1098 | val loss=1.0029, val IoU=0.0000
Epoch 042 | train loss=0.9687, train IoU=0.0869 | val loss=1.0044, val IoU=0.0000
Epoch 043 | train loss=0.9632, train IoU=0.0928 | val loss=1.0033, val IoU=0.0000
Epoch 044 | train loss=0.9697, train IoU=0.0743 | val loss=1.0035, val IoU=0.0000
Epoch 045 | train loss=0.9583, train IoU=0.0977 | val loss=1.0031, val IoU=0.0000
Epoch 046 | train loss=0.9630, train IoU=0.0925 | val loss=1.0035, val IoU=0.0000
Epoch 047 | train loss=0.9564, train IoU=0.1242 | val loss=1.0028, val IoU=0.0000
Epoch 048 | train loss=0.9534, train IoU=0.1049 | val loss=1.0030, val IoU=0.0000
Epoch 049 | train loss=0.9493, train IoU=0.1170 | val loss=1.0022, val IoU=0.0000
Epoch 050 | train loss=0.9467, train IoU=0.0981 | val loss=1.0020, val IoU=0.0000
Epoch 051 | train loss=0.9431, train IoU=0.1488 | val loss=1.0021, val IoU=0.0000
Epoch 052 | train loss=0.9436, train IoU=0.1430 | val loss=1.0017, val IoU=0.0000
Epoch 053 | train loss=0.9530, train IoU=0.1055 | val loss=1.0018, val IoU=0.0000
Epoch 054 | train loss=0.9577, train IoU=0.0678 | val loss=1.0035, val IoU=0.0000
Epoch 055 | train loss=0.9474, train IoU=0.1403 | val loss=1.0020, val IoU=0.0000
Epoch 056 | train loss=0.9429, train IoU=0.1502 | val loss=1.0017, val IoU=0.0000
Epoch 057 | train loss=0.9420, train IoU=0.1447 | val loss=1.0015, val IoU=0.0000
Epoch 058 | train loss=0.9402, train IoU=0.1227 | val loss=1.0014, val IoU=0.0000
Epoch 059 | train loss=0.9388, train IoU=0.1259 | val loss=1.0014, val IoU=0.0000
Epoch 060 | train loss=0.9384, train IoU=0.1595 | val loss=1.0015, val IoU=0.0000
Epoch 061 | train loss=0.9382, train IoU=0.1554 | val loss=1.0013, val IoU=0.0000
Epoch 062 | train loss=0.9378, train IoU=0.1605 | val loss=1.0013, val IoU=0.0000
Epoch 063 | train loss=0.9373, train IoU=0.1582 | val loss=1.0011, val IoU=0.0000
Epoch 064 | train loss=0.9363, train IoU=0.1634 | val loss=1.0011, val IoU=0.0000
Epoch 065 | train loss=0.9366, train IoU=0.1626 | val loss=1.0011, val IoU=0.0000
Epoch 066 | train loss=0.9363, train IoU=0.0977 | val loss=1.0011, val IoU=0.0000
Epoch 067 | train loss=0.9356, train IoU=0.1638 | val loss=1.0010, val IoU=0.0000
Epoch 068 | train loss=0.9354, train IoU=0.1653 | val loss=1.0010, val IoU=0.0000
Epoch 069 | train loss=0.9349, train IoU=0.1661 | val loss=1.0010, val IoU=0.0000
Epoch 070 | train loss=0.9352, train IoU=0.1638 | val loss=1.0010, val IoU=0.0000
Epoch 071 | train loss=0.9351, train IoU=0.1664 | val loss=1.0009, val IoU=0.0000
Epoch 072 | train loss=0.9351, train IoU=0.1629 | val loss=1.0009, val IoU=0.0000
Epoch 073 | train loss=0.9347, train IoU=0.1673 | val loss=1.0009, val IoU=0.0000
Epoch 074 | train loss=0.9346, train IoU=0.1630 | val loss=1.0008, val IoU=0.0000
Epoch 075 | train loss=0.9344, train IoU=0.1679 | val loss=1.0009, val IoU=0.0000
Epoch 076 | train loss=0.9357, train IoU=0.1613 | val loss=1.0008, val IoU=0.0000
Epoch 077 | train loss=0.9379, train IoU=0.1858 | val loss=1.0009, val IoU=0.0000
Epoch 078 | train loss=0.9370, train IoU=0.1587 | val loss=1.0008, val IoU=0.0000
Epoch 079 | train loss=0.9348, train IoU=0.1004 | val loss=1.0008, val IoU=0.0000
Epoch 080 | train loss=0.9351, train IoU=0.1583 | val loss=1.0007, val IoU=0.0000
Epoch 081 | train loss=0.9340, train IoU=0.1667 | val loss=1.0008, val IoU=0.0000
Epoch 082 | train loss=0.9346, train IoU=0.1614 | val loss=1.0007, val IoU=0.0000
Epoch 083 | train loss=0.9356, train IoU=0.1951 | val loss=1.0008, val IoU=0.0000
Epoch 084 | train loss=0.9348, train IoU=0.1626 | val loss=1.0007, val IoU=0.0000
Epoch 085 | train loss=0.9340, train IoU=0.1686 | val loss=1.0008, val IoU=0.0000
Epoch 086 | train loss=0.9356, train IoU=0.1551 | val loss=1.0007, val IoU=0.0000
Epoch 087 | train loss=0.9362, train IoU=0.1931 | val loss=1.0008, val IoU=0.0000
Epoch 088 | train loss=0.9386, train IoU=0.0901 | val loss=1.0007, val IoU=0.0000
Epoch 089 | train loss=0.9347, train IoU=0.1317 | val loss=1.0007, val IoU=0.0000
Epoch 090 | train loss=0.9346, train IoU=0.1602 | val loss=1.0006, val IoU=0.0000
Epoch 091 | train loss=0.9335, train IoU=0.1678 | val loss=1.0006, val IoU=0.0000
Epoch 092 | train loss=0.9335, train IoU=0.1617 | val loss=1.0006, val IoU=0.0000
Epoch 093 | train loss=0.9328, train IoU=0.1690 | val loss=1.0006, val IoU=0.0000
Epoch 094 | train loss=0.9332, train IoU=0.1641 | val loss=1.0006, val IoU=0.0000
Epoch 095 | train loss=0.9327, train IoU=0.2047 | val loss=1.0006, val IoU=0.0000
Epoch 096 | train loss=0.9327, train IoU=0.1660 | val loss=1.0005, val IoU=0.0000
Epoch 097 | train loss=0.9326, train IoU=0.1697 | val loss=1.0006, val IoU=0.0000
Epoch 098 | train loss=0.9328, train IoU=0.1640 | val loss=1.0005, val IoU=0.0000
Epoch 099 | train loss=0.9345, train IoU=0.1995 | val loss=1.0005, val IoU=0.0000
Epoch 100 | train loss=0.9352, train IoU=0.1576 | val loss=1.0005, val IoU=0.0000
Epoch 101 | train loss=0.9356, train IoU=0.1298 | val loss=1.0005, val IoU=0.0000
Epoch 102 | train loss=0.9344, train IoU=0.1593 | val loss=1.0007, val IoU=0.0000
Epoch 103 | train loss=0.9392, train IoU=0.1510 | val loss=1.0023, val IoU=0.0000
Epoch 104 | train loss=0.9400, train IoU=0.1166 | val loss=1.0007, val IoU=0.0000
Epoch 105 | train loss=0.9370, train IoU=0.1257 | val loss=1.0009, val IoU=0.0000
Epoch 106 | train loss=0.9369, train IoU=0.1606 | val loss=1.0006, val IoU=0.0000
Epoch 107 | train loss=0.9342, train IoU=0.1956 | val loss=1.0006, val IoU=0.0000
Epoch 108 | train loss=0.9348, train IoU=0.1603 | val loss=1.0004, val IoU=0.0000
Epoch 109 | train loss=0.9336, train IoU=0.1338 | val loss=1.0004, val IoU=0.0000
Epoch 110 | train loss=0.9327, train IoU=0.1994 | val loss=1.0004, val IoU=0.0000
Epoch 111 | train loss=0.9321, train IoU=0.2043 | val loss=1.0004, val IoU=0.0000
Epoch 112 | train loss=0.9327, train IoU=0.1958 | val loss=1.0004, val IoU=0.0000
Epoch 113 | train loss=0.9319, train IoU=0.1376 | val loss=1.0004, val IoU=0.0000
Epoch 114 | train loss=0.9356, train IoU=0.1596 | val loss=1.0005, val IoU=0.0000
Epoch 115 | train loss=0.9347, train IoU=0.1552 | val loss=1.0004, val IoU=0.0000
Epoch 116 | train loss=0.9347, train IoU=0.1614 | val loss=1.0007, val IoU=0.0000
Epoch 117 | train loss=0.9362, train IoU=0.1496 | val loss=1.0004, val IoU=0.0000
Epoch 118 | train loss=0.9325, train IoU=0.2011 | val loss=1.0004, val IoU=0.0000
Epoch 119 | train loss=0.9316, train IoU=0.2041 | val loss=1.0004, val IoU=0.0000
Epoch 120 | train loss=0.9311, train IoU=0.2065 | val loss=1.0004, val IoU=0.0000
Epoch 121 | train loss=0.9308, train IoU=0.2075 | val loss=1.0003, val IoU=0.0000
Epoch 122 | train loss=0.9306, train IoU=0.2089 | val loss=1.0003, val IoU=0.0000
Epoch 123 | train loss=0.9305, train IoU=0.2086 | val loss=1.0003, val IoU=0.0000
Epoch 124 | train loss=0.9305, train IoU=0.2093 | val loss=1.0003, val IoU=0.0000
Epoch 125 | train loss=0.9308, train IoU=0.2062 | val loss=1.0003, val IoU=0.0000
Epoch 126 | train loss=0.9310, train IoU=0.2050 | val loss=1.0003, val IoU=0.0000
Epoch 127 | train loss=0.9316, train IoU=0.1682 | val loss=1.0003, val IoU=0.0000
Epoch 128 | train loss=0.9318, train IoU=0.2016 | val loss=1.0003, val IoU=0.0000
Epoch 129 | train loss=0.9313, train IoU=0.2044 | val loss=1.0003, val IoU=0.0000
Epoch 130 | train loss=0.9304, train IoU=0.1717 | val loss=1.0003, val IoU=0.0000
Epoch 131 | train loss=0.9306, train IoU=0.2083 | val loss=1.0003, val IoU=0.0000
Epoch 132 | train loss=0.9309, train IoU=0.2037 | val loss=1.0003, val IoU=0.0000
Epoch 133 | train loss=0.9315, train IoU=0.1702 | val loss=1.0003, val IoU=0.0000
Epoch 134 | train loss=0.9345, train IoU=0.1896 | val loss=1.0003, val IoU=0.0000
Epoch 135 | train loss=0.9316, train IoU=0.1686 | val loss=1.0003, val IoU=0.0000
Epoch 136 | train loss=0.9337, train IoU=0.1697 | val loss=1.0007, val IoU=0.0000
Epoch 137 | train loss=1.0032, train IoU=0.0559 | val loss=1.0053, val IoU=0.0000
Epoch 138 | train loss=1.0250, train IoU=0.0050 | val loss=1.0030, val IoU=0.0000
Epoch 139 | train loss=1.0383, train IoU=0.0030 | val loss=1.0391, val IoU=0.0000
Epoch 140 | train loss=1.0205, train IoU=0.0125 | val loss=1.0016, val IoU=0.0000
Epoch 141 | train loss=0.9925, train IoU=0.0242 | val loss=1.0016, val IoU=0.0000
Epoch 142 | train loss=0.9898, train IoU=0.0543 | val loss=1.0010, val IoU=0.0000
Epoch 143 | train loss=0.9908, train IoU=0.0248 | val loss=1.0019, val IoU=0.0000
Epoch 144 | train loss=0.9803, train IoU=0.0285 | val loss=1.0009, val IoU=0.0000
Epoch 145 | train loss=0.9636, train IoU=0.0857 | val loss=1.0009, val IoU=0.0000
Epoch 146 | train loss=0.9502, train IoU=0.0775 | val loss=1.0006, val IoU=0.0000
Epoch 147 | train loss=0.9414, train IoU=0.1191 | val loss=1.0012, val IoU=0.0000
Epoch 148 | train loss=0.9388, train IoU=0.1203 | val loss=1.0006, val IoU=0.0000
Epoch 149 | train loss=0.9454, train IoU=0.1399 | val loss=1.0004, val IoU=0.0000
Epoch 150 | train loss=0.9404, train IoU=0.1746 | val loss=1.0006, val IoU=0.0000
Epoch 151 | train loss=0.9471, train IoU=0.1499 | val loss=1.0006, val IoU=0.0000
Epoch 152 | train loss=0.9504, train IoU=0.0819 | val loss=1.0010, val IoU=0.0000
Epoch 153 | train loss=0.9418, train IoU=0.1177 | val loss=1.0007, val IoU=0.0000
Epoch 154 | train loss=0.9375, train IoU=0.0927 | val loss=1.0004, val IoU=0.0000
Epoch 155 | train loss=0.9345, train IoU=0.1613 | val loss=1.0003, val IoU=0.0000
Epoch 156 | train loss=0.9335, train IoU=0.1634 | val loss=1.0003, val IoU=0.0000
Epoch 157 | train loss=0.9329, train IoU=0.1655 | val loss=1.0003, val IoU=0.0000
Epoch 158 | train loss=0.9325, train IoU=0.1659 | val loss=1.0002, val IoU=0.0000
Epoch 159 | train loss=0.9324, train IoU=0.1011 | val loss=1.0003, val IoU=0.0000
Epoch 160 | train loss=0.9323, train IoU=0.1642 | val loss=1.0002, val IoU=0.0000
Epoch 161 | train loss=0.9322, train IoU=0.1685 | val loss=1.0002, val IoU=0.0000
Epoch 162 | train loss=0.9337, train IoU=0.1582 | val loss=1.0002, val IoU=0.0000
Epoch 163 | train loss=0.9342, train IoU=0.1967 | val loss=1.0004, val IoU=0.0000
Epoch 164 | train loss=0.9380, train IoU=0.1462 | val loss=1.0003, val IoU=0.0000
Epoch 165 | train loss=0.9346, train IoU=0.1935 | val loss=1.0003, val IoU=0.0000
Epoch 166 | train loss=0.9333, train IoU=0.1947 | val loss=1.0002, val IoU=0.0000
Epoch 167 | train loss=0.9318, train IoU=0.2024 | val loss=1.0002, val IoU=0.0000
Epoch 168 | train loss=0.9315, train IoU=0.1676 | val loss=1.0002, val IoU=0.0000
Epoch 169 | train loss=0.9312, train IoU=0.2046 | val loss=1.0002, val IoU=0.0000
Epoch 170 | train loss=0.9310, train IoU=0.1695 | val loss=1.0002, val IoU=0.0000
Epoch 171 | train loss=0.9308, train IoU=0.2064 | val loss=1.0002, val IoU=0.0000
Epoch 172 | train loss=0.9308, train IoU=0.1690 | val loss=1.0002, val IoU=0.0000
Epoch 173 | train loss=0.9306, train IoU=0.2078 | val loss=1.0002, val IoU=0.0000
Epoch 174 | train loss=0.9316, train IoU=0.1650 | val loss=1.0002, val IoU=0.0000
Epoch 175 | train loss=0.9315, train IoU=0.2044 | val loss=1.0002, val IoU=0.0000
Epoch 176 | train loss=0.9338, train IoU=0.1569 | val loss=1.0002, val IoU=0.0000
Epoch 177 | train loss=0.9322, train IoU=0.2019 | val loss=1.0002, val IoU=0.0000
Epoch 178 | train loss=0.9317, train IoU=0.1670 | val loss=1.0002, val IoU=0.0000
Epoch 179 | train loss=0.9313, train IoU=0.1665 | val loss=1.0002, val IoU=0.0000
Epoch 180 | train loss=0.9329, train IoU=0.1995 | val loss=1.0004, val IoU=0.0000
Epoch 181 | train loss=0.9334, train IoU=0.1601 | val loss=1.0003, val IoU=0.0000
Epoch 182 | train loss=0.9322, train IoU=0.1667 | val loss=1.0002, val IoU=0.0000
Epoch 183 | train loss=0.9317, train IoU=0.1642 | val loss=1.0002, val IoU=0.0000
Epoch 184 | train loss=0.9307, train IoU=0.2085 | val loss=1.0002, val IoU=0.0000
Epoch 185 | train loss=0.9308, train IoU=0.2023 | val loss=1.0002, val IoU=0.0000
Epoch 186 | train loss=0.9300, train IoU=0.2095 | val loss=1.0002, val IoU=0.0000
Epoch 187 | train loss=0.9301, train IoU=0.1382 | val loss=1.0001, val IoU=0.0000
Epoch 188 | train loss=0.9302, train IoU=0.2087 | val loss=1.0002, val IoU=0.0000
Epoch 189 | train loss=0.9306, train IoU=0.2040 | val loss=1.0001, val IoU=0.0000
Epoch 190 | train loss=0.9301, train IoU=0.2045 | val loss=1.0001, val IoU=0.0000
Epoch 191 | train loss=0.9298, train IoU=0.2107 | val loss=1.0001, val IoU=0.0000
Epoch 192 | train loss=0.9298, train IoU=0.2063 | val loss=1.0001, val IoU=0.0000
Epoch 193 | train loss=0.9295, train IoU=0.2105 | val loss=1.0001, val IoU=0.0000
Epoch 194 | train loss=0.9300, train IoU=0.1381 | val loss=1.0001, val IoU=0.0000
Epoch 195 | train loss=0.9299, train IoU=0.2084 | val loss=1.0001, val IoU=0.0000
Epoch 196 | train loss=0.9306, train IoU=0.1665 | val loss=1.0001, val IoU=0.0000
Epoch 197 | train loss=0.9299, train IoU=0.2101 | val loss=1.0002, val IoU=0.0000
Epoch 198 | train loss=0.9310, train IoU=0.1992 | val loss=1.0001, val IoU=0.0000
Epoch 199 | train loss=0.9309, train IoU=0.1382 | val loss=1.0002, val IoU=0.0000
Epoch 200 | train loss=0.9380, train IoU=0.0967 | val loss=1.0002, val IoU=0.0000
Epoch 201 | train loss=0.9344, train IoU=0.1924 | val loss=1.0001, val IoU=0.0000
Epoch 202 | train loss=0.9372, train IoU=0.1531 | val loss=1.0003, val IoU=0.0000
Epoch 203 | train loss=0.9334, train IoU=0.1651 | val loss=1.0002, val IoU=0.0000
Epoch 204 | train loss=0.9311, train IoU=0.1999 | val loss=1.0001, val IoU=0.0000
Epoch 205 | train loss=0.9303, train IoU=0.2081 | val loss=1.0002, val IoU=0.0000
Epoch 206 | train loss=0.9299, train IoU=0.2061 | val loss=1.0002, val IoU=0.0000
Epoch 207 | train loss=0.9296, train IoU=0.2100 | val loss=1.0001, val IoU=0.0000
Epoch 208 | train loss=0.9295, train IoU=0.2087 | val loss=1.0001, val IoU=0.0000
Epoch 209 | train loss=0.9292, train IoU=0.2097 | val loss=1.0001, val IoU=0.0000
Epoch 210 | train loss=0.9290, train IoU=0.2129 | val loss=1.0001, val IoU=0.0000
Epoch 211 | train loss=0.9290, train IoU=0.2107 | val loss=1.0001, val IoU=0.0000
Epoch 212 | train loss=0.9289, train IoU=0.2124 | val loss=1.0001, val IoU=0.0000
Epoch 213 | train loss=0.9291, train IoU=0.2116 | val loss=1.0001, val IoU=0.0000
Epoch 214 | train loss=0.9293, train IoU=0.1389 | val loss=1.0001, val IoU=0.0000
Epoch 215 | train loss=0.9300, train IoU=0.2076 | val loss=1.0001, val IoU=0.0000
Epoch 216 | train loss=0.9301, train IoU=0.1696 | val loss=1.0001, val IoU=0.0000
Epoch 217 | train loss=0.9294, train IoU=0.2112 | val loss=1.0001, val IoU=0.0000
Epoch 218 | train loss=0.9299, train IoU=0.1691 | val loss=1.0001, val IoU=0.0000
Epoch 219 | train loss=0.9293, train IoU=0.2105 | val loss=1.0001, val IoU=0.0000
Epoch 220 | train loss=0.9289, train IoU=0.2111 | val loss=1.0001, val IoU=0.0000
Epoch 221 | train loss=0.9287, train IoU=0.1401 | val loss=1.0001, val IoU=0.0000
Epoch 222 | train loss=0.9284, train IoU=0.2138 | val loss=1.0001, val IoU=0.0000
Epoch 223 | train loss=0.9287, train IoU=0.2122 | val loss=1.0001, val IoU=0.0000
Epoch 224 | train loss=0.9286, train IoU=0.2126 | val loss=1.0001, val IoU=0.0000
Epoch 225 | train loss=0.9286, train IoU=0.1397 | val loss=1.0001, val IoU=0.0000
Epoch 226 | train loss=0.9289, train IoU=0.2119 | val loss=1.0001, val IoU=0.0000
Epoch 227 | train loss=0.9298, train IoU=0.2054 | val loss=1.0001, val IoU=0.0000
Epoch 228 | train loss=0.9297, train IoU=0.1393 | val loss=1.0001, val IoU=0.0000
Epoch 229 | train loss=0.9324, train IoU=0.1101 | val loss=1.0001, val IoU=0.0000
Epoch 230 | train loss=0.9343, train IoU=0.1279 | val loss=1.0001, val IoU=0.0000
Epoch 231 | train loss=0.9303, train IoU=0.2033 | val loss=1.0001, val IoU=0.0000
Epoch 232 | train loss=0.9300, train IoU=0.2067 | val loss=1.0001, val IoU=0.0000
Epoch 233 | train loss=0.9292, train IoU=0.2090 | val loss=1.0001, val IoU=0.0000
Epoch 234 | train loss=0.9296, train IoU=0.2084 | val loss=1.0001, val IoU=0.0000
Epoch 235 | train loss=0.9297, train IoU=0.2058 | val loss=1.0001, val IoU=0.0000
Epoch 236 | train loss=0.9299, train IoU=0.2092 | val loss=1.0001, val IoU=0.0000
Epoch 237 | train loss=0.9315, train IoU=0.1619 | val loss=1.0001, val IoU=0.0000
Epoch 238 | train loss=0.9303, train IoU=0.2073 | val loss=1.0001, val IoU=0.0000
Epoch 239 | train loss=0.9321, train IoU=0.1611 | val loss=1.0001, val IoU=0.0000
Epoch 240 | train loss=0.9287, train IoU=0.2136 | val loss=1.0001, val IoU=0.0000
Epoch 241 | train loss=0.9287, train IoU=0.2109 | val loss=1.0001, val IoU=0.0000
Epoch 242 | train loss=0.9280, train IoU=0.2146 | val loss=1.0001, val IoU=0.0000
Epoch 243 | train loss=0.9282, train IoU=0.2158 | val loss=1.0001, val IoU=0.0000
Epoch 244 | train loss=0.9296, train IoU=0.1379 | val loss=1.0001, val IoU=0.0000
Epoch 245 | train loss=0.9295, train IoU=0.2108 | val loss=1.0001, val IoU=0.0000
Epoch 246 | train loss=0.9293, train IoU=0.1392 | val loss=1.0001, val IoU=0.0000
Epoch 247 | train loss=0.9280, train IoU=0.1450 | val loss=1.0001, val IoU=0.0000
Epoch 248 | train loss=0.9280, train IoU=0.2161 | val loss=1.0001, val IoU=0.0000
Epoch 249 | train loss=0.9286, train IoU=0.2102 | val loss=1.0001, val IoU=0.0000
Epoch 250 | train loss=0.9291, train IoU=0.2117 | val loss=1.0001, val IoU=0.0000
Epoch 251 | train loss=0.9302, train IoU=0.2057 | val loss=1.0001, val IoU=0.0000
Epoch 252 | train loss=0.9285, train IoU=0.1425 | val loss=1.0001, val IoU=0.0000
Epoch 253 | train loss=0.9283, train IoU=0.2133 | val loss=1.0001, val IoU=0.0000
Epoch 254 | train loss=0.9281, train IoU=0.2136 | val loss=1.0001, val IoU=0.0000
Epoch 255 | train loss=0.9280, train IoU=0.2140 | val loss=1.0001, val IoU=0.0000
Epoch 256 | train loss=0.9282, train IoU=0.2122 | val loss=1.0001, val IoU=0.0000
Epoch 257 | train loss=0.9280, train IoU=0.2139 | val loss=1.0001, val IoU=0.0000
Epoch 258 | train loss=0.9287, train IoU=0.1404 | val loss=1.0001, val IoU=0.0000
Epoch 259 | train loss=0.9318, train IoU=0.1330 | val loss=1.0001, val IoU=0.0000
Epoch 260 | train loss=0.9308, train IoU=0.2007 | val loss=1.0001, val IoU=0.0000
Epoch 261 | train loss=0.9313, train IoU=0.1328 | val loss=1.0001, val IoU=0.0000
Epoch 262 | train loss=0.9304, train IoU=0.2056 | val loss=1.0003, val IoU=0.0000
Epoch 263 | train loss=0.9305, train IoU=0.2019 | val loss=1.0001, val IoU=0.0000
Epoch 264 | train loss=0.9415, train IoU=0.1383 | val loss=1.0005, val IoU=0.0000
Epoch 265 | train loss=0.9426, train IoU=0.1219 | val loss=1.0003, val IoU=0.0000
Epoch 266 | train loss=0.9645, train IoU=0.0611 | val loss=1.0009, val IoU=0.0000
Epoch 267 | train loss=0.9651, train IoU=0.1068 | val loss=1.0043, val IoU=0.0000
Epoch 268 | train loss=0.9661, train IoU=0.0885 | val loss=1.0002, val IoU=0.0000
Epoch 269 | train loss=0.9781, train IoU=0.0668 | val loss=1.0009, val IoU=0.0000
Epoch 270 | train loss=0.9523, train IoU=0.0640 | val loss=1.0007, val IoU=0.0000
Epoch 271 | train loss=0.9402, train IoU=0.1060 | val loss=1.0003, val IoU=0.0000
Epoch 272 | train loss=0.9398, train IoU=0.1780 | val loss=1.0002, val IoU=0.0000
Epoch 273 | train loss=0.9355, train IoU=0.1585 | val loss=1.0005, val IoU=0.0000
Epoch 274 | train loss=0.9363, train IoU=0.1227 | val loss=1.0001, val IoU=0.0000
Epoch 275 | train loss=0.9327, train IoU=0.1681 | val loss=1.0001, val IoU=0.0000
Epoch 276 | train loss=0.9326, train IoU=0.1606 | val loss=1.0001, val IoU=0.0000
Epoch 277 | train loss=0.9306, train IoU=0.1717 | val loss=1.0001, val IoU=0.0000
Epoch 278 | train loss=0.9299, train IoU=0.1726 | val loss=1.0001, val IoU=0.0000
Epoch 279 | train loss=0.9297, train IoU=0.1168 | val loss=1.0001, val IoU=0.0000
Epoch 280 | train loss=0.9295, train IoU=0.1747 | val loss=1.0001, val IoU=0.0000
Epoch 281 | train loss=0.9293, train IoU=0.1756 | val loss=1.0001, val IoU=0.0000
Epoch 282 | train loss=0.9297, train IoU=0.1707 | val loss=1.0001, val IoU=0.0000
Epoch 283 | train loss=0.9290, train IoU=0.1770 | val loss=1.0001, val IoU=0.0000
Epoch 284 | train loss=0.9288, train IoU=0.1737 | val loss=1.0001, val IoU=0.0000
Epoch 285 | train loss=0.9285, train IoU=0.1779 | val loss=1.0001, val IoU=0.0000
Epoch 286 | train loss=0.9286, train IoU=0.1760 | val loss=1.0001, val IoU=0.0000
Epoch 287 | train loss=0.9284, train IoU=0.2146 | val loss=1.0001, val IoU=0.0000
Epoch 288 | train loss=0.9289, train IoU=0.1043 | val loss=1.0001, val IoU=0.0000
Epoch 289 | train loss=0.9284, train IoU=0.1785 | val loss=1.0001, val IoU=0.0000
Epoch 290 | train loss=0.9295, train IoU=0.2054 | val loss=1.0001, val IoU=0.0000
Epoch 291 | train loss=0.9282, train IoU=0.2160 | val loss=1.0001, val IoU=0.0000
Epoch 292 | train loss=0.9286, train IoU=0.1179 | val loss=1.0001, val IoU=0.0000
Epoch 293 | train loss=0.9290, train IoU=0.2117 | val loss=1.0001, val IoU=0.0000
Epoch 294 | train loss=0.9300, train IoU=0.1664 | val loss=1.0001, val IoU=0.0000
Epoch 295 | train loss=0.9281, train IoU=0.1448 | val loss=1.0001, val IoU=0.0000
Epoch 296 | train loss=0.9286, train IoU=0.1731 | val loss=1.0001, val IoU=0.0000
Epoch 297 | train loss=0.9306, train IoU=0.2049 | val loss=1.0001, val IoU=0.0000
Epoch 298 | train loss=0.9294, train IoU=0.1717 | val loss=1.0001, val IoU=0.0000
Epoch 299 | train loss=0.9295, train IoU=0.1699 | val loss=1.0001, val IoU=0.0000
Epoch 300 | train loss=0.9287, train IoU=0.2126 | val loss=1.0001, val IoU=0.0000
Saved checkpoint: checkpoints/soil_mix_server_v1.pt
